<?xml version="1.0" encoding="UTF-8"?>
<!-- Generated by org.testng.reporters.JUnitReportReporter -->
<testsuite hostname="niveditha" failures="0" tests="1" name="LOG4J.ReportingTool2" time="0.045" errors="0" timestamp="2023-08-29T11:55:59 GMT-04:00" skipped="0">
  <testcase classname="LOG4J.ReportingTool2" name="console" time="0.045"/>
</testsuite> <!-- LOG4J.ReportingTool2 -->
