<?xml version="1.0" encoding="UTF-8"?>
<!-- Generated by org.testng.reporters.JUnitReportReporter -->
<testsuite hostname="niveditha" failures="0" tests="1" name="PAGEOBJECTMODEL.TEST_SCRIPT" time="6.900" errors="0" timestamp="2023-08-28T03:13:29 GMT-04:00" skipped="0">
  <testcase classname="PAGEOBJECTMODEL.TEST_SCRIPT" name="click1" time="6.900"/>
</testsuite> <!-- PAGEOBJECTMODEL.TEST_SCRIPT -->
