<?xml version="1.0" encoding="UTF-8"?>
<!-- Generated by org.testng.reporters.JUnitReportReporter -->
<testsuite hostname="manu" failures="0" tests="1" name="POM_SCRIPT.RunnerClass" time="27.673" errors="0" timestamp="2023-08-25T16:16:54 GMT-04:00" skipped="0">
  <testcase classname="POM_SCRIPT.RunnerClass" name="Click" time="27.673"/>
</testsuite> <!-- POM_SCRIPT.RunnerClass -->
