<?xml version="1.0" encoding="UTF-8"?>
<!-- Generated by org.testng.reporters.JUnitReportReporter -->
<testsuite hostname="niveditha" failures="0" tests="1" name="PROPERTYFILES.Parallel" time="0.012" errors="0" timestamp="2023-08-28T10:51:32 GMT-04:00" skipped="0">
  <testcase classname="PROPERTYFILES.Parallel" name="test1" time="0.012"/>
</testsuite> <!-- PROPERTYFILES.Parallel -->
