<?xml version="1.0" encoding="UTF-8"?>
<!-- Generated by org.testng.reporters.JUnitReportReporter -->
<testsuite hostname="niveditha" failures="0" tests="1" name="GROUPS.Groups1" time="0.010" errors="0" timestamp="2023-08-31T03:50:07 GMT-04:00" skipped="0">
  <testcase classname="GROUPS.Groups1" name="test3" time="0.010"/>
</testsuite> <!-- GROUPS.Groups1 -->
