<?xml version="1.0" encoding="UTF-8"?>
<!-- Generated by org.testng.reporters.JUnitReportReporter -->
<testsuite hostname="manu" failures="0" tests="1" name="ANNOTATIONS.Assertion" time="11.747" errors="0" timestamp="2023-08-25T20:57:17 GMT-04:00" skipped="0">
  <testcase classname="ANNOTATIONS.Assertion" name="test1" time="11.747"/>
</testsuite> <!-- ANNOTATIONS.Assertion -->
