<?xml version="1.0" encoding="UTF-8"?>
<!-- Generated by org.testng.reporters.JUnitReportReporter -->
<testsuite hostname="manu" failures="0" tests="2" name="qsp1.Test1" time="0.020" errors="0" timestamp="2023-08-22T23:05:35 GMT-04:00" skipped="0">
  <testcase classname="qsp1.Test1" name="data1" time="0.017">
    <system-out>
      <![CDATA[hello]]>
    </system-out>
  </testcase> <!-- data1 -->
  <testcase classname="qsp1.Test1" name="data2" time="0.003">
    <system-out>
      <![CDATA[world]]>
    </system-out>
  </testcase> <!-- data2 -->
  <system-out>
    <![CDATA[hello
world]]>
  </system-out>
</testsuite> <!-- qsp1.Test1 -->
