<?xml version="1.0" encoding="UTF-8"?>
<!-- Generated by org.testng.reporters.JUnitReportReporter -->
<testsuite hostname="niveditha" failures="0" tests="1" name="ANNOTATIONS.RTwoClassoneTestAnnotation" time="9.101" errors="0" timestamp="2023-08-26T11:20:15 GMT-04:00" skipped="0">
  <testcase classname="ANNOTATIONS.RTwoClassoneTestAnnotation" name="test1" time="9.101"/>
</testsuite> <!-- ANNOTATIONS.RTwoClassoneTestAnnotation -->
