<?xml version="1.0" encoding="UTF-8"?>
<!-- Generated by org.testng.reporters.JUnitReportReporter -->
<testsuite hostname="manu" failures="0" tests="1" name="qsp1.Test2" time="0.019" errors="0" timestamp="2023-08-21T15:30:41 GMT-04:00" skipped="0">
  <testcase classname="qsp1.Test2" name="data3" time="0.019">
    <system-out>
      <![CDATA[India]]>
    </system-out>
  </testcase> <!-- data3 -->
  <system-out>
    <![CDATA[India]]>
  </system-out>
</testsuite> <!-- qsp1.Test2 -->
