<?xml version="1.0" encoding="UTF-8"?>
<!-- Generated by org.testng.reporters.JUnitReportReporter -->
<testsuite hostname="manu" failures="0" tests="4" name="Priority.Test2" time="0.014" errors="0" timestamp="2023-08-17T18:01:33 GMT-04:00" skipped="0">
  <testcase classname="Priority.Test2" name="data2" time="0.009">
    <system-out>
      <![CDATA[world]]>
    </system-out>
  </testcase> <!-- data2 -->
  <testcase classname="Priority.Test2" name="data3" time="0.003">
    <system-out>
      <![CDATA[hello]]>
    </system-out>
  </testcase> <!-- data3 -->
  <testcase classname="Priority.Test2" name="data3" time="0.001">
    <system-out>
      <![CDATA[hello]]>
    </system-out>
  </testcase> <!-- data3 -->
  <testcase classname="Priority.Test2" name="data3" time="0.001">
    <system-out>
      <![CDATA[hello]]>
    </system-out>
  </testcase> <!-- data3 -->
  <system-out>
    <![CDATA[world
hello
hello
hello]]>
  </system-out>
</testsuite> <!-- Priority.Test2 -->
