<?xml version="1.0" encoding="UTF-8"?>
<!-- Generated by org.testng.reporters.JUnitReportReporter -->
<testsuite hostname="niveditha" failures="0" tests="1" name="PAGEOBJECTMODEL.RunnerClass" time="8.207" errors="0" timestamp="2023-08-28T03:10:01 GMT-04:00" skipped="0">
  <testcase classname="PAGEOBJECTMODEL.RunnerClass" name="Click" time="8.207"/>
</testsuite> <!-- PAGEOBJECTMODEL.RunnerClass -->
