<?xml version="1.0" encoding="UTF-8"?>
<!-- Generated by org.testng.reporters.JUnitReportReporter -->
<testsuite hostname="manu" failures="0" tests="1" name="ANNOTATIONS.Runner_Script" time="19.688" errors="0" timestamp="2023-08-25T18:33:02 GMT-04:00" skipped="0">
  <testcase classname="ANNOTATIONS.Runner_Script" name="test1" time="19.688"/>
</testsuite> <!-- ANNOTATIONS.Runner_Script -->
