<?xml version="1.0" encoding="UTF-8"?>
<!-- Generated by org.testng.reporters.JUnitReportReporter -->
<testsuite hostname="niveditha" failures="0" tests="1" name="LOG4J.ReportingToolLogMessages" time="0.044" errors="0" timestamp="2023-08-29T12:07:47 GMT-04:00" skipped="0">
  <testcase classname="LOG4J.ReportingToolLogMessages" name="report" time="0.044"/>
</testsuite> <!-- LOG4J.ReportingToolLogMessages -->
