<?xml version="1.0" encoding="UTF-8"?>
<!-- Generated by org.testng.reporters.JUnitReportReporter -->
<testsuite hostname="manu" failures="0" tests="1" name="TEST_SCRIPT.Testscript" time="34.291" errors="0" timestamp="2023-08-25T16:15:05 GMT-04:00" skipped="0">
  <testcase classname="TEST_SCRIPT.Testscript" name="test1" time="34.291"/>
</testsuite> <!-- TEST_SCRIPT.Testscript -->
