<?xml version="1.0" encoding="UTF-8"?>
<!-- Generated by org.testng.reporters.JUnitReportReporter -->
<testsuite hostname="niveditha" failures="0" tests="1" name="REPORTINGTOOLS.ReportingTool1" time="0.667" errors="0" timestamp="2023-08-29T10:58:20 GMT-04:00" skipped="0">
  <testcase classname="REPORTINGTOOLS.ReportingTool1" name="test1" time="0.667"/>
</testsuite> <!-- REPORTINGTOOLS.ReportingTool1 -->
