<?xml version="1.0" encoding="UTF-8"?>
<!-- Generated by org.testng.reporters.JUnitReportReporter -->
<testsuite hostname="niveditha" failures="0" tests="1" name="PAGEOBJECTMODEL.RunnerClass2" time="6.908" errors="0" timestamp="2023-08-28T03:13:59 GMT-04:00" skipped="0">
  <testcase classname="PAGEOBJECTMODEL.RunnerClass2" name="Click" time="6.908"/>
</testsuite> <!-- PAGEOBJECTMODEL.RunnerClass2 -->
