<?xml version="1.0" encoding="UTF-8"?>
<!-- Generated by org.testng.reporters.JUnitReportReporter -->
<testsuite hostname="manu" failures="0" tests="2" name="ANNOTATIONS.RClTwoTestAnnotation" time="12.932" errors="0" timestamp="2023-08-25T16:24:18 GMT-04:00" skipped="0">
  <testcase classname="ANNOTATIONS.RClTwoTestAnnotation" name="test1" time="2.991"/>
  <testcase classname="ANNOTATIONS.RClTwoTestAnnotation" name="test2" time="9.941"/>
</testsuite> <!-- ANNOTATIONS.RClTwoTestAnnotation -->
