<?xml version="1.0" encoding="UTF-8"?>
<!-- Generated by org.testng.reporters.JUnitReportReporter -->
<testsuite hostname="niveditha" failures="0" tests="2" name="PARAMETERS.ParallelExec1" time="9.740" errors="0" timestamp="2023-08-28T03:18:55 GMT-04:00" skipped="0">
  <testcase classname="PARAMETERS.ParallelExec1" name="test1" time="4.802"/>
  <testcase classname="PARAMETERS.ParallelExec1" name="test1" time="4.938"/>
</testsuite> <!-- PARAMETERS.ParallelExec1 -->
