<?xml version="1.0" encoding="UTF-8"?>
<!-- Generated by org.testng.reporters.JUnitReportReporter -->
<testsuite hostname="manu" failures="0" tests="2" name="Priority.SkipTest3" time="0.011" errors="0" timestamp="2023-08-20T02:21:35 GMT-04:00" skipped="1">
  <testcase classname="Priority.SkipTest3" name="data6" time="0.011">
    <system-out>
      <![CDATA[world]]>
    </system-out>
  </testcase> <!-- data6 -->
  <testcase classname="Priority.SkipTest3" name="data5">
    <skipped/>
  </testcase> <!-- data5 -->
  <system-out>
    <![CDATA[world]]>
  </system-out>
</testsuite> <!-- Priority.SkipTest3 -->
